
> mining@0.1.0 build
> next build --webpack

   ▲ Next.js 16.0.7 (webpack)
   - Environments: .env.local

   Creating an optimized production build ...
 ⚠ Compiled with warnings in 16.8min

./node_modules/@metamask/sdk/dist/browser/es/metamask-sdk.js
Module not found: Can't resolve '@react-native-async-storage/async-storage' in 'c:\Users\HP\Desktop\mining\node_modules\@metamask\sdk\dist\browser\es'

Import trace for requested module:
./node_modules/@metamask/sdk/dist/browser/es/metamask-sdk.js
./node_modules/@wagmi/connectors/dist/esm/metaMask.js
./node_modules/@wagmi/connectors/dist/esm/exports/index.js
./node_modules/wagmi/dist/esm/exports/connectors.js
./lib/wallet/config.ts
./components/providers/wallet-provider.tsx

./node_modules/@metamask/sdk/dist/browser/es/metamask-sdk.js
Module not found: Can't resolve '@react-native-async-storage/async-storage' in 'c:\Users\HP\Desktop\mining\node_modules\@metamask\sdk\dist\browser\es'

Import trace for requested module:
./node_modules/@metamask/sdk/dist/browser/es/metamask-sdk.js
./node_modules/@wagmi/connectors/dist/esm/metaMask.js
./node_modules/@wagmi/connectors/dist/esm/exports/index.js
./node_modules/wagmi/dist/esm/exports/connectors.js
./lib/wallet/config.ts
./components/providers/wallet-provider.tsx

./node_modules/pino/lib/tools.js
Module not found: Can't resolve 'pino-pretty' in 'c:\Users\HP\Desktop\mining\node_modules\pino\lib'

Import trace for requested module:
./node_modules/pino/lib/tools.js
./node_modules/pino/pino.js
./node_modules/@walletconnect/logger/dist/index.es.js
./node_modules/@walletconnect/universal-provider/dist/index.es.js
./node_modules/@walletconnect/ethereum-provider/dist/index.es.js
./node_modules/@wagmi/connectors/dist/esm/walletConnect.js
./node_modules/@wagmi/connectors/dist/esm/exports/index.js
./node_modules/wagmi/dist/esm/exports/connectors.js
./lib/wallet/config.ts
./components/providers/wallet-provider.tsx

   Running TypeScript ...
Failed to compile.

.next/types/app/(admin)/admin/tickets/[ticketId]/page.ts:36:29
Type error: Type '{ params: { ticketId: string; }; }' does not satisfy the constraint 'PageProps'.
  Types of property 'params' are incompatible.
    Type '{ ticketId: string; }' is missing the following properties from type 'Promise<any>': then, catch, finally, [Symbol.toStringTag]

[0m [90m 34 |[39m
 [90m 35 |[39m [90m// Check the prop type of the entry function[39m
[31m[1m>[22m[39m[90m 36 |[39m checkFields[33m<[39m[33mDiff[39m[33m<[39m[33mPageProps[39m[33m,[39m [33mFirstArg[39m[33m<[39m[33mTEntry[39m[[32m'default'[39m][33m>[39m[33m,[39m [32m'default'[39m[33m>>[39m()
 [90m    |[39m                             [31m[1m^[22m[39m
 [90m 37 |[39m
 [90m 38 |[39m [90m// Check the arguments and return type of the generateMetadata function[39m
 [90m 39 |[39m [36mif[39m ([32m'generateMetadata'[39m [36min[39m entry) {[0m
Next.js build worker exited with code: 1 and signal: null
